<?xml version="1.0" encoding="utf-8"?><testsuites name="pytest tests"><testsuite name="pytest" errors="0" failures="0" skipped="0" tests="19" time="3.274" timestamp="2026-07-17T19:24:28.820448+00:00" hostname="agent-env-b9605b59-8851-42bd-8426-cad719a94b86"><testcase classname="tests.backend_test.TestProtection" name="test_get_requires_auth[/admin/stats]" time="0.557" /><testcase classname="tests.backend_test.TestAuth" name="test_login_success" time="0.508" /><testcase classname="tests.backend_test.TestAuth" name="test_login_wrong_password" time="0.307" /><testcase classname="tests.backend_test.TestProtection" name="test_get_requires_auth[/enterprise/intake]" time="0.245" /><testcase classname="tests.backend_test.TestProtection" name="test_get_requires_auth[/provider/application]" time="0.380" /><testcase classname="tests.backend_test.TestAuth" name="test_login_wrong_email" time="0.085" /><testcase classname="tests.backend_test.TestProtection" name="test_get_requires_auth[/assessment]" time="0.129" /><testcase classname="tests.backend_test.TestAuth" name="test_me_with_bearer" time="0.347" /><testcase classname="tests.backend_test.TestAuth" name="test_me_without_auth" time="0.229" /><testcase classname="tests.backend_test.TestPublicEndpoints" name="test_enterprise_intake_public" time="0.272" /><testcase classname="tests.backend_test.TestPublicEndpoints" name="test_provider_application_public" time="0.220" /><testcase classname="tests.backend_test.TestProtection" name="test_get_with_auth[/admin/stats]" time="0.590" /><testcase classname="tests.backend_test.TestProtection" name="test_get_with_auth[/enterprise/intake]" time="0.138" /><testcase classname="tests.backend_test.TestEmailNoop" name="test_intake_still_200_when_no_resend_key" time="0.155" /><testcase classname="tests.backend_test.TestProtection" name="test_get_with_auth[/provider/application]" time="0.159" /><testcase classname="tests.backend_test.TestEmailNoop" name="test_provider_still_200_when_no_resend_key" time="0.107" /><testcase classname="tests.backend_test.TestProtection" name="test_get_with_auth[/assessment]" time="0.153" /><testcase classname="tests.backend_test.TestHealth" name="test_root" time="0.063" /><testcase classname="tests.backend_test.TestEndToEnd" name="test_e2e_intake_and_admin_verify" time="0.434" /></testsuite></testsuites>