<?xml version="1.0" encoding="utf-8"?><testsuites name="pytest tests"><testsuite name="pytest" errors="0" failures="0" skipped="0" tests="43" time="20.332" timestamp="2026-07-17T19:58:14.657171+00:00" hostname="agent-env-b9605b59-8851-42bd-8426-cad719a94b86"><testcase classname="tests.backend_test.TestCaseStudiesCRUD" name="test_create_requires_auth" time="0.309" /><testcase classname="tests.backend_test.TestProtection" name="test_get_requires_auth[/admin/stats]" time="0.361" /><testcase classname="tests.backend_test.TestProtection" name="test_get_requires_auth[/enterprise/intake]" time="0.299" /><testcase classname="tests.backend_test.TestCaseStudiesCRUD" name="test_create_and_persist_get" time="0.969" /><testcase classname="tests.backend_test.TestProtection" name="test_get_requires_auth[/provider/application]" time="0.178" /><testcase classname="tests.backend_test.TestProtection" name="test_get_requires_auth[/assessment]" time="0.103" /><testcase classname="tests.backend_test.TestProtection" name="test_get_with_auth[/admin/stats]" time="0.437" /><testcase classname="tests.backend_test.TestCaseStudiesCRUD" name="test_create_duplicate_slug_409" time="0.125" /><testcase classname="tests.backend_test.TestProtection" name="test_get_with_auth[/enterprise/intake]" time="0.126" /><testcase classname="tests.backend_test.TestCaseStudiesCRUD" name="test_patch_requires_auth" time="0.234" /><testcase classname="tests.backend_test.TestProtection" name="test_get_with_auth[/provider/application]" time="0.101" /><testcase classname="tests.backend_test.TestProtection" name="test_get_with_auth[/assessment]" time="0.102" /><testcase classname="tests.backend_test.TestCaseStudiesCRUD" name="test_patch_update_and_persist" time="0.858" /><testcase classname="tests.backend_test.TestAuth" name="test_login_success" time="0.269" /><testcase classname="tests.backend_test.TestAuth" name="test_login_wrong_password" time="0.269" /><testcase classname="tests.backend_test.TestAuth" name="test_login_wrong_email" time="0.049" /><testcase classname="tests.backend_test.TestAuth" name="test_me_with_bearer" time="0.050" /><testcase classname="tests.backend_test.TestAuth" name="test_me_without_auth" time="0.099" /><testcase classname="tests.backend_test.TestShortlist" name="test_intake_returns_shortlist_field" time="4.205" /><testcase classname="tests.backend_test.TestCaseStudiesCRUD" name="test_patch_unknown_id_404" time="0.613" /><testcase classname="tests.backend_test.TestCaseStudiesCRUD" name="test_patch_slug_collision_409" time="0.343" /><testcase classname="tests.backend_test.TestCaseStudiesCRUD" name="test_delete_requires_auth" time="0.235" /><testcase classname="tests.backend_test.TestCaseStudiesCRUD" name="test_delete_flow_and_404" time="0.343" /><testcase classname="tests.backend_test.TestNewsletter" name="test_subscribe_valid_email" time="0.150" /><testcase classname="tests.backend_test.TestNewsletter" name="test_subscribe_idempotent_same_email" time="0.221" /><testcase classname="tests.backend_test.TestNewsletter" name="test_subscribe_invalid_email" time="0.116" /><testcase classname="tests.backend_test.TestNewsletter" name="test_subscribe_missing_email" time="0.103" /><testcase classname="tests.backend_test.TestCaseStudiesPublic" name="test_public_list_returns_only_published_seeded" time="0.107" /><testcase classname="tests.backend_test.TestCaseStudiesPublic" name="test_public_detail_returns_full_doc" time="0.101" /><testcase classname="tests.backend_test.TestCaseStudiesPublic" name="test_public_detail_unknown_slug_404" time="0.133" /><testcase classname="tests.backend_test.TestCaseStudiesPublic" name="test_public_detail_unpublished_slug_404" time="0.347" /><testcase classname="tests.backend_test.TestPublicEndpoints" name="test_enterprise_intake_public" time="3.240" /><testcase classname="tests.backend_test.TestShortlist" name="test_intake_shortlist_populated_when_approved_providers_exist" time="3.534" /><testcase classname="tests.backend_test.TestPublicEndpoints" name="test_provider_application_public" time="0.117" /><testcase classname="tests.backend_test.TestEmailNoop" name="test_intake_still_200_when_no_resend_key" time="3.598" /><testcase classname="tests.backend_test.TestShortlist" name="test_regenerate_shortlist_requires_auth" time="3.070" /><testcase classname="tests.backend_test.TestEmailNoop" name="test_provider_still_200_when_no_resend_key" time="0.129" /><testcase classname="tests.backend_test.TestCaseStudiesIncludeDrafts" name="test_include_drafts_without_auth_only_published" time="0.351" /><testcase classname="tests.backend_test.TestCaseStudiesIncludeDrafts" name="test_include_drafts_with_admin_returns_all" time="0.348" /><testcase classname="tests.backend_test.TestHealth" name="test_root" time="0.089" /><testcase classname="tests.backend_test.TestEndToEnd" name="test_e2e_intake_and_admin_verify" time="3.219" /><testcase classname="tests.backend_test.TestShortlist" name="test_regenerate_shortlist_with_admin" time="6.398" /><testcase classname="tests.backend_test.TestShortlist" name="test_regenerate_shortlist_404_for_unknown" time="0.119" /></testsuite></testsuites>